<?xml version="1.0" encoding="UTF-8"?>
<testng-results skipped="0" failed="1" ignored="0" total="4" passed="3">
  <reporter-output>
  </reporter-output>
  <suite name="Surefire suite" duration-ms="5051" started-at="2023-09-30T06:33:04Z" finished-at="2023-09-30T06:33:09Z">
    <groups>
    </groups>
    <test name="Surefire test" duration-ms="5051" started-at="2023-09-30T06:33:04Z" finished-at="2023-09-30T06:33:09Z">
      <class name="GoogleFinanceTests">
        <test-method status="PASS" signature="setUp()[pri:0, instance:GoogleFinanceTests@1b604f19]" name="setUp" is-config="true" duration-ms="2915" started-at="2023-09-30T06:33:04Z" finished-at="2023-09-30T06:33:07Z">
          <reporter-output>
          </reporter-output>
        </test-method> <!-- setUp -->
        <test-method status="PASS" signature="openGoogleFinancePage()[pri:1, instance:GoogleFinanceTests@1b604f19]" name="openGoogleFinancePage" duration-ms="1649" started-at="2023-09-30T06:33:07Z" finished-at="2023-09-30T06:33:08Z">
          <reporter-output>
          </reporter-output>
        </test-method> <!-- openGoogleFinancePage -->
        <test-method status="FAIL" signature="compareStockSymbols()[pri:3, instance:GoogleFinanceTests@1b604f19]" name="compareStockSymbols" duration-ms="128" started-at="2023-09-30T06:33:08Z" finished-at="2023-09-30T06:33:08Z">
          <exception class="java.lang.AssertionError">
            <message>
              <![CDATA[expected [[NXST, TSLA, BABA, DIS, F, AMZN]] but found [[NFLX, MSFT, TSLA]]]]>
            </message>
            <full-stacktrace>
              <![CDATA[java.lang.AssertionError: expected [[NXST, TSLA, BABA, DIS, F, AMZN]] but found [[NFLX, MSFT, TSLA]]
at org.testng.Assert.fail(Assert.java:96)
at org.testng.Assert.failNotEquals(Assert.java:776)
at org.testng.Assert.assertEqualsImpl(Assert.java:137)
at org.testng.Assert.assertEquals(Assert.java:118)
at org.testng.Assert.assertEquals(Assert.java:453)
at org.testng.Assert.assertEquals(Assert.java:463)
at GoogleFinanceTests.compareStockSymbols(GoogleFinanceTests.java:36)
at sun.reflect.NativeMethodAccessorImpl.invoke0(Native Method)
at sun.reflect.NativeMethodAccessorImpl.invoke(NativeMethodAccessorImpl.java:62)
at sun.reflect.DelegatingMethodAccessorImpl.invoke(DelegatingMethodAccessorImpl.java:43)
at java.lang.reflect.Method.invoke(Method.java:498)
at org.testng.internal.MethodInvocationHelper.invokeMethod(MethodInvocationHelper.java:124)
at org.testng.internal.Invoker.invokeMethod(Invoker.java:580)
at org.testng.internal.Invoker.invokeTestMethod(Invoker.java:716)
at org.testng.internal.Invoker.invokeTestMethods(Invoker.java:988)
at org.testng.internal.TestMethodWorker.invokeTestMethods(TestMethodWorker.java:125)
at org.testng.internal.TestMethodWorker.run(TestMethodWorker.java:109)
at org.testng.TestRunner.privateRun(TestRunner.java:648)
at org.testng.TestRunner.run(TestRunner.java:505)
at org.testng.SuiteRunner.runTest(SuiteRunner.java:455)
at org.testng.SuiteRunner.runSequentially(SuiteRunner.java:450)
at org.testng.SuiteRunner.privateRun(SuiteRunner.java:415)
at org.testng.SuiteRunner.run(SuiteRunner.java:364)
at org.testng.SuiteRunnerWorker.runSuite(SuiteRunnerWorker.java:52)
at org.testng.SuiteRunnerWorker.run(SuiteRunnerWorker.java:84)
at org.testng.TestNG.runSuitesSequentially(TestNG.java:1208)
at org.testng.TestNG.runSuitesLocally(TestNG.java:1137)
at org.testng.TestNG.runSuites(TestNG.java:1049)
at org.testng.TestNG.run(TestNG.java:1017)
at org.apache.maven.surefire.testng.TestNGExecutor.run(TestNGExecutor.java:155)
at org.apache.maven.surefire.testng.TestNGDirectoryTestSuite.executeSingleClass(TestNGDirectoryTestSuite.java:102)
at org.apache.maven.surefire.testng.TestNGDirectoryTestSuite.execute(TestNGDirectoryTestSuite.java:91)
at org.apache.maven.surefire.testng.TestNGProvider.invoke(TestNGProvider.java:137)
at org.apache.maven.surefire.booter.ForkedBooter.runSuitesInProcess(ForkedBooter.java:385)
at org.apache.maven.surefire.booter.ForkedBooter.execute(ForkedBooter.java:162)
at org.apache.maven.surefire.booter.ForkedBooter.run(ForkedBooter.java:507)
at org.apache.maven.surefire.booter.ForkedBooter.main(ForkedBooter.java:495)
]]>
            </full-stacktrace>
          </exception> <!-- java.lang.AssertionError -->
          <reporter-output>
          </reporter-output>
        </test-method> <!-- compareStockSymbols -->
        <test-method status="PASS" signature="printAllStocksThatAreInActualButNotInExpected()[pri:4, instance:GoogleFinanceTests@1b604f19]" name="printAllStocksThatAreInActualButNotInExpected" duration-ms="99" started-at="2023-09-30T06:33:08Z" finished-at="2023-09-30T06:33:08Z">
          <reporter-output>
          </reporter-output>
        </test-method> <!-- printAllStocksThatAreInActualButNotInExpected -->
        <test-method status="PASS" signature="printAllStocksThatAreInExpectedButNotInActual()[pri:5, instance:GoogleFinanceTests@1b604f19]" name="printAllStocksThatAreInExpectedButNotInActual" duration-ms="79" started-at="2023-09-30T06:33:08Z" finished-at="2023-09-30T06:33:08Z">
          <reporter-output>
          </reporter-output>
        </test-method> <!-- printAllStocksThatAreInExpectedButNotInActual -->
        <test-method status="PASS" signature="tearDown()[pri:0, instance:GoogleFinanceTests@1b604f19]" name="tearDown" is-config="true" duration-ms="164" started-at="2023-09-30T06:33:08Z" finished-at="2023-09-30T06:33:09Z">
          <reporter-output>
          </reporter-output>
        </test-method> <!-- tearDown -->
      </class> <!-- GoogleFinanceTests -->
    </test> <!-- Surefire test -->
  </suite> <!-- Surefire suite -->
</testng-results>
